2023-11-07 09:06:58,927 - INFO - file_cache is only supported with oauth2client<4.0.0
2023-11-07 09:06:59,326 - INFO - Processing channel: Luisito Comunica
2023-11-07 09:07:03,131 - INFO - Processing channel: Cocomelon - Nursery Rhymes
2023-11-07 09:07:03,820 - WARNING - Encountered 403 Forbidden with reason "commentsDisabled"
2023-11-07 09:07:03,820 - ERROR - Error fetching comments for video 4bzFo8d6ixM: <HttpError 403 when requesting https://youtube.googleapis.com/youtube/v3/commentThreads?part=snippet&videoId=4bzFo8d6ixM&maxResults=10&order=relevance&key=AIzaSyDs9TExsfc8fDMn4lBRYXZax1vSr0ftsdk&alt=json returned "The video identified by the <code><a href="/youtube/v3/docs/commentThreads/list#videoId">videoId</a></code> parameter has disabled comments.". Details: "[{'message': 'The video identified by the <code><a href="/youtube/v3/docs/commentThreads/list#videoId">videoId</a></code> parameter has disabled comments.', 'domain': 'youtube.commentThread', 'reason': 'commentsDisabled', 'location': 'videoId', 'locationType': 'parameter'}]">
2023-11-07 09:07:03,860 - WARNING - Encountered 403 Forbidden with reason "commentsDisabled"
2023-11-07 09:07:03,860 - ERROR - Error fetching comments for video nOa-h_zc2zs: <HttpError 403 when requesting https://youtube.googleapis.com/youtube/v3/commentThreads?part=snippet&videoId=nOa-h_zc2zs&maxResults=10&order=relevance&key=AIzaSyDs9TExsfc8fDMn4lBRYXZax1vSr0ftsdk&alt=json returned "The video identified by the <code><a href="/youtube/v3/docs/commentThreads/list#videoId">videoId</a></code> parameter has disabled comments.". Details: "[{'message': 'The video identified by the <code><a href="/youtube/v3/docs/commentThreads/list#videoId">videoId</a></code> parameter has disabled comments.', 'domain': 'youtube.commentThread', 'reason': 'commentsDisabled', 'location': 'videoId', 'locationType': 'parameter'}]">
2023-11-07 09:07:03,890 - WARNING - Encountered 403 Forbidden with reason "commentsDisabled"
2023-11-07 09:07:03,890 - ERROR - Error fetching comments for video 5kzGnkP2Q-c: <HttpError 403 when requesting https://youtube.googleapis.com/youtube/v3/commentThreads?part=snippet&videoId=5kzGnkP2Q-c&maxResults=10&order=relevance&key=AIzaSyDs9TExsfc8fDMn4lBRYXZax1vSr0ftsdk&alt=json returned "The video identified by the <code><a href="/youtube/v3/docs/commentThreads/list#videoId">videoId</a></code> parameter has disabled comments.". Details: "[{'message': 'The video identified by the <code><a href="/youtube/v3/docs/commentThreads/list#videoId">videoId</a></code> parameter has disabled comments.', 'domain': 'youtube.commentThread', 'reason': 'commentsDisabled', 'location': 'videoId', 'locationType': 'parameter'}]">
2023-11-07 09:07:03,954 - WARNING - Encountered 403 Forbidden with reason "commentsDisabled"
2023-11-07 09:07:03,954 - ERROR - Error fetching comments for video tenWF0iX8vE: <HttpError 403 when requesting https://youtube.googleapis.com/youtube/v3/commentThreads?part=snippet&videoId=tenWF0iX8vE&maxResults=10&order=relevance&key=AIzaSyDs9TExsfc8fDMn4lBRYXZax1vSr0ftsdk&alt=json returned "The video identified by the <code><a href="/youtube/v3/docs/commentThreads/list#videoId">videoId</a></code> parameter has disabled comments.". Details: "[{'message': 'The video identified by the <code><a href="/youtube/v3/docs/commentThreads/list#videoId">videoId</a></code> parameter has disabled comments.', 'domain': 'youtube.commentThread', 'reason': 'commentsDisabled', 'location': 'videoId', 'locationType': 'parameter'}]">
2023-11-07 09:07:04,008 - WARNING - Encountered 403 Forbidden with reason "commentsDisabled"
2023-11-07 09:07:04,008 - ERROR - Error fetching comments for video Wa-pipMEyKg: <HttpError 403 when requesting https://youtube.googleapis.com/youtube/v3/commentThreads?part=snippet&videoId=Wa-pipMEyKg&maxResults=10&order=relevance&key=AIzaSyDs9TExsfc8fDMn4lBRYXZax1vSr0ftsdk&alt=json returned "The video identified by the <code><a href="/youtube/v3/docs/commentThreads/list#videoId">videoId</a></code> parameter has disabled comments.". Details: "[{'message': 'The video identified by the <code><a href="/youtube/v3/docs/commentThreads/list#videoId">videoId</a></code> parameter has disabled comments.', 'domain': 'youtube.commentThread', 'reason': 'commentsDisabled', 'location': 'videoId', 'locationType': 'parameter'}]">
2023-11-07 09:07:04,092 - WARNING - Encountered 403 Forbidden with reason "commentsDisabled"
2023-11-07 09:07:04,092 - ERROR - Error fetching comments for video TN_YUi9GMcA: <HttpError 403 when requesting https://youtube.googleapis.com/youtube/v3/commentThreads?part=snippet&videoId=TN_YUi9GMcA&maxResults=10&order=relevance&key=AIzaSyDs9TExsfc8fDMn4lBRYXZax1vSr0ftsdk&alt=json returned "The video identified by the <code><a href="/youtube/v3/docs/commentThreads/list#videoId">videoId</a></code> parameter has disabled comments.". Details: "[{'message': 'The video identified by the <code><a href="/youtube/v3/docs/commentThreads/list#videoId">videoId</a></code> parameter has disabled comments.', 'domain': 'youtube.commentThread', 'reason': 'commentsDisabled', 'location': 'videoId', 'locationType': 'parameter'}]">
2023-11-07 09:07:04,138 - WARNING - Encountered 403 Forbidden with reason "commentsDisabled"
2023-11-07 09:07:04,138 - ERROR - Error fetching comments for video gPOKVaO7YYY: <HttpError 403 when requesting https://youtube.googleapis.com/youtube/v3/commentThreads?part=snippet&videoId=gPOKVaO7YYY&maxResults=10&order=relevance&key=AIzaSyDs9TExsfc8fDMn4lBRYXZax1vSr0ftsdk&alt=json returned "The video identified by the <code><a href="/youtube/v3/docs/commentThreads/list#videoId">videoId</a></code> parameter has disabled comments.". Details: "[{'message': 'The video identified by the <code><a href="/youtube/v3/docs/commentThreads/list#videoId">videoId</a></code> parameter has disabled comments.', 'domain': 'youtube.commentThread', 'reason': 'commentsDisabled', 'location': 'videoId', 'locationType': 'parameter'}]">
2023-11-07 09:07:04,169 - WARNING - Encountered 403 Forbidden with reason "commentsDisabled"
2023-11-07 09:07:04,169 - ERROR - Error fetching comments for video P7dqib_1D74: <HttpError 403 when requesting https://youtube.googleapis.com/youtube/v3/commentThreads?part=snippet&videoId=P7dqib_1D74&maxResults=10&order=relevance&key=AIzaSyDs9TExsfc8fDMn4lBRYXZax1vSr0ftsdk&alt=json returned "The video identified by the <code><a href="/youtube/v3/docs/commentThreads/list#videoId">videoId</a></code> parameter has disabled comments.". Details: "[{'message': 'The video identified by the <code><a href="/youtube/v3/docs/commentThreads/list#videoId">videoId</a></code> parameter has disabled comments.', 'domain': 'youtube.commentThread', 'reason': 'commentsDisabled', 'location': 'videoId', 'locationType': 'parameter'}]">
2023-11-07 09:07:04,199 - WARNING - Encountered 403 Forbidden with reason "commentsDisabled"
2023-11-07 09:07:04,199 - ERROR - Error fetching comments for video WPiMSL8RZok: <HttpError 403 when requesting https://youtube.googleapis.com/youtube/v3/commentThreads?part=snippet&videoId=WPiMSL8RZok&maxResults=10&order=relevance&key=AIzaSyDs9TExsfc8fDMn4lBRYXZax1vSr0ftsdk&alt=json returned "The video identified by the <code><a href="/youtube/v3/docs/commentThreads/list#videoId">videoId</a></code> parameter has disabled comments.". Details: "[{'message': 'The video identified by the <code><a href="/youtube/v3/docs/commentThreads/list#videoId">videoId</a></code> parameter has disabled comments.', 'domain': 'youtube.commentThread', 'reason': 'commentsDisabled', 'location': 'videoId', 'locationType': 'parameter'}]">
2023-11-07 09:07:04,236 - WARNING - Encountered 403 Forbidden with reason "commentsDisabled"
2023-11-07 09:07:04,236 - ERROR - Error fetching comments for video E6nD3mIA-ro: <HttpError 403 when requesting https://youtube.googleapis.com/youtube/v3/commentThreads?part=snippet&videoId=E6nD3mIA-ro&maxResults=10&order=relevance&key=AIzaSyDs9TExsfc8fDMn4lBRYXZax1vSr0ftsdk&alt=json returned "The video identified by the <code><a href="/youtube/v3/docs/commentThreads/list#videoId">videoId</a></code> parameter has disabled comments.". Details: "[{'message': 'The video identified by the <code><a href="/youtube/v3/docs/commentThreads/list#videoId">videoId</a></code> parameter has disabled comments.', 'domain': 'youtube.commentThread', 'reason': 'commentsDisabled', 'location': 'videoId', 'locationType': 'parameter'}]">
2023-11-07 09:07:04,238 - INFO - Processing channel: BB Ki Vines
2023-11-07 09:07:08,726 - INFO - Processing channel: BLACKPINK
2023-11-07 09:07:12,293 - INFO - Processing channel: Amit Bhadana
2023-11-07 09:07:16,670 - INFO - Processing channel: Junya.\u3058\u3085\u3093\u3084
2023-11-07 09:07:18,224 - INFO - Processing channel: MrBeast
2023-11-07 09:07:21,703 - INFO - Processing channel: Badabun
2023-11-07 09:07:24,676 - INFO - Processing channel: PewDiePie
2023-11-07 09:26:35,524 - INFO - file_cache is only supported with oauth2client<4.0.0
2023-11-07 09:26:35,905 - INFO - Processing channel: BB Ki Vines
2023-11-07 09:26:39,947 - INFO - Processing channel: Luisito Comunica
2023-11-07 09:26:43,550 - INFO - Processing channel: Cocomelon - Nursery Rhymes
2023-11-07 09:26:44,183 - WARNING - Encountered 403 Forbidden with reason "commentsDisabled"
2023-11-07 09:26:44,183 - ERROR - Error fetching comments for video 4bzFo8d6ixM: <HttpError 403 when requesting https://youtube.googleapis.com/youtube/v3/commentThreads?part=snippet&videoId=4bzFo8d6ixM&maxResults=10&order=relevance&key=AIzaSyDs9TExsfc8fDMn4lBRYXZax1vSr0ftsdk&alt=json returned "The video identified by the <code><a href="/youtube/v3/docs/commentThreads/list#videoId">videoId</a></code> parameter has disabled comments.". Details: "[{'message': 'The video identified by the <code><a href="/youtube/v3/docs/commentThreads/list#videoId">videoId</a></code> parameter has disabled comments.', 'domain': 'youtube.commentThread', 'reason': 'commentsDisabled', 'location': 'videoId', 'locationType': 'parameter'}]">
2023-11-07 09:26:44,230 - WARNING - Encountered 403 Forbidden with reason "commentsDisabled"
2023-11-07 09:26:44,230 - ERROR - Error fetching comments for video nOa-h_zc2zs: <HttpError 403 when requesting https://youtube.googleapis.com/youtube/v3/commentThreads?part=snippet&videoId=nOa-h_zc2zs&maxResults=10&order=relevance&key=AIzaSyDs9TExsfc8fDMn4lBRYXZax1vSr0ftsdk&alt=json returned "The video identified by the <code><a href="/youtube/v3/docs/commentThreads/list#videoId">videoId</a></code> parameter has disabled comments.". Details: "[{'message': 'The video identified by the <code><a href="/youtube/v3/docs/commentThreads/list#videoId">videoId</a></code> parameter has disabled comments.', 'domain': 'youtube.commentThread', 'reason': 'commentsDisabled', 'location': 'videoId', 'locationType': 'parameter'}]">
2023-11-07 09:26:44,267 - WARNING - Encountered 403 Forbidden with reason "commentsDisabled"
2023-11-07 09:26:44,267 - ERROR - Error fetching comments for video 5kzGnkP2Q-c: <HttpError 403 when requesting https://youtube.googleapis.com/youtube/v3/commentThreads?part=snippet&videoId=5kzGnkP2Q-c&maxResults=10&order=relevance&key=AIzaSyDs9TExsfc8fDMn4lBRYXZax1vSr0ftsdk&alt=json returned "The video identified by the <code><a href="/youtube/v3/docs/commentThreads/list#videoId">videoId</a></code> parameter has disabled comments.". Details: "[{'message': 'The video identified by the <code><a href="/youtube/v3/docs/commentThreads/list#videoId">videoId</a></code> parameter has disabled comments.', 'domain': 'youtube.commentThread', 'reason': 'commentsDisabled', 'location': 'videoId', 'locationType': 'parameter'}]">
2023-11-07 09:26:44,307 - WARNING - Encountered 403 Forbidden with reason "commentsDisabled"
2023-11-07 09:26:44,307 - ERROR - Error fetching comments for video tenWF0iX8vE: <HttpError 403 when requesting https://youtube.googleapis.com/youtube/v3/commentThreads?part=snippet&videoId=tenWF0iX8vE&maxResults=10&order=relevance&key=AIzaSyDs9TExsfc8fDMn4lBRYXZax1vSr0ftsdk&alt=json returned "The video identified by the <code><a href="/youtube/v3/docs/commentThreads/list#videoId">videoId</a></code> parameter has disabled comments.". Details: "[{'message': 'The video identified by the <code><a href="/youtube/v3/docs/commentThreads/list#videoId">videoId</a></code> parameter has disabled comments.', 'domain': 'youtube.commentThread', 'reason': 'commentsDisabled', 'location': 'videoId', 'locationType': 'parameter'}]">
2023-11-07 09:26:44,359 - WARNING - Encountered 403 Forbidden with reason "commentsDisabled"
2023-11-07 09:26:44,359 - ERROR - Error fetching comments for video Wa-pipMEyKg: <HttpError 403 when requesting https://youtube.googleapis.com/youtube/v3/commentThreads?part=snippet&videoId=Wa-pipMEyKg&maxResults=10&order=relevance&key=AIzaSyDs9TExsfc8fDMn4lBRYXZax1vSr0ftsdk&alt=json returned "The video identified by the <code><a href="/youtube/v3/docs/commentThreads/list#videoId">videoId</a></code> parameter has disabled comments.". Details: "[{'message': 'The video identified by the <code><a href="/youtube/v3/docs/commentThreads/list#videoId">videoId</a></code> parameter has disabled comments.', 'domain': 'youtube.commentThread', 'reason': 'commentsDisabled', 'location': 'videoId', 'locationType': 'parameter'}]">
2023-11-07 09:26:44,400 - WARNING - Encountered 403 Forbidden with reason "commentsDisabled"
2023-11-07 09:26:44,400 - ERROR - Error fetching comments for video TN_YUi9GMcA: <HttpError 403 when requesting https://youtube.googleapis.com/youtube/v3/commentThreads?part=snippet&videoId=TN_YUi9GMcA&maxResults=10&order=relevance&key=AIzaSyDs9TExsfc8fDMn4lBRYXZax1vSr0ftsdk&alt=json returned "The video identified by the <code><a href="/youtube/v3/docs/commentThreads/list#videoId">videoId</a></code> parameter has disabled comments.". Details: "[{'message': 'The video identified by the <code><a href="/youtube/v3/docs/commentThreads/list#videoId">videoId</a></code> parameter has disabled comments.', 'domain': 'youtube.commentThread', 'reason': 'commentsDisabled', 'location': 'videoId', 'locationType': 'parameter'}]">
2023-11-07 09:26:44,445 - WARNING - Encountered 403 Forbidden with reason "commentsDisabled"
2023-11-07 09:26:44,445 - ERROR - Error fetching comments for video gPOKVaO7YYY: <HttpError 403 when requesting https://youtube.googleapis.com/youtube/v3/commentThreads?part=snippet&videoId=gPOKVaO7YYY&maxResults=10&order=relevance&key=AIzaSyDs9TExsfc8fDMn4lBRYXZax1vSr0ftsdk&alt=json returned "The video identified by the <code><a href="/youtube/v3/docs/commentThreads/list#videoId">videoId</a></code> parameter has disabled comments.". Details: "[{'message': 'The video identified by the <code><a href="/youtube/v3/docs/commentThreads/list#videoId">videoId</a></code> parameter has disabled comments.', 'domain': 'youtube.commentThread', 'reason': 'commentsDisabled', 'location': 'videoId', 'locationType': 'parameter'}]">
2023-11-07 09:26:44,497 - WARNING - Encountered 403 Forbidden with reason "commentsDisabled"
2023-11-07 09:26:44,497 - ERROR - Error fetching comments for video P7dqib_1D74: <HttpError 403 when requesting https://youtube.googleapis.com/youtube/v3/commentThreads?part=snippet&videoId=P7dqib_1D74&maxResults=10&order=relevance&key=AIzaSyDs9TExsfc8fDMn4lBRYXZax1vSr0ftsdk&alt=json returned "The video identified by the <code><a href="/youtube/v3/docs/commentThreads/list#videoId">videoId</a></code> parameter has disabled comments.". Details: "[{'message': 'The video identified by the <code><a href="/youtube/v3/docs/commentThreads/list#videoId">videoId</a></code> parameter has disabled comments.', 'domain': 'youtube.commentThread', 'reason': 'commentsDisabled', 'location': 'videoId', 'locationType': 'parameter'}]">
2023-11-07 09:26:44,525 - WARNING - Encountered 403 Forbidden with reason "commentsDisabled"
2023-11-07 09:26:44,525 - ERROR - Error fetching comments for video WPiMSL8RZok: <HttpError 403 when requesting https://youtube.googleapis.com/youtube/v3/commentThreads?part=snippet&videoId=WPiMSL8RZok&maxResults=10&order=relevance&key=AIzaSyDs9TExsfc8fDMn4lBRYXZax1vSr0ftsdk&alt=json returned "The video identified by the <code><a href="/youtube/v3/docs/commentThreads/list#videoId">videoId</a></code> parameter has disabled comments.". Details: "[{'message': 'The video identified by the <code><a href="/youtube/v3/docs/commentThreads/list#videoId">videoId</a></code> parameter has disabled comments.', 'domain': 'youtube.commentThread', 'reason': 'commentsDisabled', 'location': 'videoId', 'locationType': 'parameter'}]">
2023-11-07 09:26:44,576 - WARNING - Encountered 403 Forbidden with reason "commentsDisabled"
2023-11-07 09:26:44,576 - ERROR - Error fetching comments for video E6nD3mIA-ro: <HttpError 403 when requesting https://youtube.googleapis.com/youtube/v3/commentThreads?part=snippet&videoId=E6nD3mIA-ro&maxResults=10&order=relevance&key=AIzaSyDs9TExsfc8fDMn4lBRYXZax1vSr0ftsdk&alt=json returned "The video identified by the <code><a href="/youtube/v3/docs/commentThreads/list#videoId">videoId</a></code> parameter has disabled comments.". Details: "[{'message': 'The video identified by the <code><a href="/youtube/v3/docs/commentThreads/list#videoId">videoId</a></code> parameter has disabled comments.', 'domain': 'youtube.commentThread', 'reason': 'commentsDisabled', 'location': 'videoId', 'locationType': 'parameter'}]">
2023-11-07 09:26:44,578 - INFO - Processing channel: Amit Bhadana
2023-11-07 09:26:48,419 - INFO - Processing channel: Junya.\u3058\u3085\u3093\u3084
2023-11-07 09:26:49,856 - INFO - Processing channel: Badabun
2023-11-07 09:26:52,468 - INFO - Processing channel: BLACKPINK
2023-11-07 09:26:55,945 - INFO - Processing channel: MrBeast
2023-11-07 09:26:59,411 - INFO - Processing channel: PewDiePie
